[32mINFO[39m: [36m[019-improve-ambiguous-id-resolution-to-warnerror-on-mu] starting[39m
[32mINFO[39m: [36mRunning research phase on 019-improve-ambiguous-id-resolution-to-warnerror-on-mu[39m
[34mDEBUG[39m: [36mRunning: git status --porcelain[39m

```tool
Glob
{
  "pattern": "**/*.ts"
}
```

```tool
Glob
{
  "pattern": "**/*.md"
}
```

```tool
Grep
{
  "pattern": "ambiguous|multiple.*match|ID.*resolution",
  "-i": true
}
```

```tool
Read
{
  "file_path": "/Users/speed/wreckit/.wreckit/items/019-improve-ambiguous-id-resolution-to-warnerror-on-mu"
}
```
