Running next item...
Running next item...
Running next item...
[32mINFO[39m: [36mRunning: 026-implement-tool-allowlist-enforcement-in-srcagentam[39m
[32mINFO[39m: [36mRunning pr phase on 026-implement-tool-allowlist-enforcement-in-srcagentam[39m
[34mDEBUG[39m: [36mRunning: git show-ref --verify --quiet refs/heads/wreckit/026-implement-tool-allowlist-enforcement-in-srcagentam[39m
[32mINFO[39m: [36mBranch wreckit/026-implement-tool-allowlist-enforcement-in-srcagentam exists, switching to it[39m
[34mDEBUG[39m: [36mRunning: git checkout wreckit/026-implement-tool-allowlist-enforcement-in-srcagentam[39m
[34mDEBUG[39m: [36mRunning: git rev-parse --abbrev-ref HEAD[39m
[34mDEBUG[39m: [36mRunning: git status --porcelain[39m
[34mDEBUG[39m: [36mRunning: git add -A[39m
[34mDEBUG[39m: [36mRunning: git commit -m feat(026-implement-tool-allowlist-enforcement-in-srcagentam): implement Implement tool allowlist enforcement in `src/agent/amp-sdk-runner.ts`[39m
[34mDEBUG[39m: [36mRunning: git symbolic-ref --quiet HEAD[39m
[34mDEBUG[39m: [36mRunning: git status --porcelain[39m
[32mINFO[39m: [36mRunning: 026-implement-tool-allowlist-enforcement-in-srcagentam[39m
[32mINFO[39m: [36mRunning pr phase on 026-implement-tool-allowlist-enforcement-in-srcagentam[39m
[34mDEBUG[39m: [36mRunning: git show-ref --verify --quiet refs/heads/wreckit/026-implement-tool-allowlist-enforcement-in-srcagentam[39m
[31mERROR[39m: [36mPhase pr failed for 026-implement-tool-allowlist-enforcement-in-srcagentam: Git pre-flight check failed:

• There are uncommitted changes in the working directory
    Run `git stash` to temporarily save changes
    Or run `git commit -am "message"` to commit changes
    Or run `git checkout -- .` to discard changes (destructive)[39m
[31mERROR[39m: [36mFailed 026-implement-tool-allowlist-enforcement-in-srcagentam: Git pre-flight check failed:

• There are uncommitted changes in the working directory
    Run `git stash` to temporarily save changes
    Or run `git commit -am "message"` to commit changes
    Or run `git checkout -- .` to discard changes (destructive)[39m
[31mERROR[39m: [36mFailed: 026-implement-tool-allowlist-enforcement-in-srcagentam[39m
❌ Crashed with code 1. Restarting in 5s...
[32mINFO[39m: [36mBranch wreckit/026-implement-tool-allowlist-enforcement-in-srcagentam exists, switching to it[39m
[34mDEBUG[39m: [36mRunning: git checkout wreckit/026-implement-tool-allowlist-enforcement-in-srcagentam[39m
[34mDEBUG[39m: [36mRunning: git rev-parse --abbrev-ref HEAD[39m
[34mDEBUG[39m: [36mRunning: git status --porcelain[39m
[34mDEBUG[39m: [36mRunning: git add -A[39m
[34mDEBUG[39m: [36mCommand stderr: fatal: unable to stat '.wreckit/items/026-implement-tool-allowlist-enforcement-in-srcagentam/item.json.8cd377fc95df.tmp': No such file or directory
[39m
[34mDEBUG[39m: [36mRunning: git commit -m feat(026-implement-tool-allowlist-enforcement-in-srcagentam): implement Implement tool allowlist enforcement in `src/agent/amp-sdk-runner.ts`[39m
[32mINFO[39m: [36mRunning: 026-implement-tool-allowlist-enforcement-in-srcagentam[39m
[32mINFO[39m: [36mRunning pr phase on 026-implement-tool-allowlist-enforcement-in-srcagentam[39m
[34mDEBUG[39m: [36mRunning: git symbolic-ref --quiet HEAD[39m
[34mDEBUG[39m: [36mRunning: git show-ref --verify --quiet refs/heads/wreckit/026-implement-tool-allowlist-enforcement-in-srcagentam[39m
[34mDEBUG[39m: [36mRunning: git status --porcelain[39m
[32mINFO[39m: [36mBranch wreckit/026-implement-tool-allowlist-enforcement-in-srcagentam exists, switching to it[39m
[34mDEBUG[39m: [36mRunning: git checkout wreckit/026-implement-tool-allowlist-enforcement-in-srcagentam[39m
[31mERROR[39m: [36mPhase pr failed for 026-implement-tool-allowlist-enforcement-in-srcagentam: Git pre-flight check failed:

• There are uncommitted changes in the working directory
    Run `git stash` to temporarily save changes
    Or run `git commit -am "message"` to commit changes
    Or run `git checkout -- .` to discard changes (destructive)[39m
[31mERROR[39m: [36mFailed 026-implement-tool-allowlist-enforcement-in-srcagentam: Git pre-flight check failed:

• There are uncommitted changes in the working directory
    Run `git stash` to temporarily save changes
    Or run `git commit -am "message"` to commit changes
    Or run `git checkout -- .` to discard changes (destructive)[39m
[31mERROR[39m: [36mFailed: 026-implement-tool-allowlist-enforcement-in-srcagentam[39m
[34mDEBUG[39m: [36mRunning: git rev-parse --abbrev-ref HEAD[39m
❌ Crashed with code 1. Restarting in 5s...
[34mDEBUG[39m: [36mRunning: git status --porcelain[39m
[34mDEBUG[39m: [36mRunning: git add -A[39m
